0 info it worked if it ends with ok
1 verbose cli [ '/Users/maelon/.nvm/versions/node/v6.2.1/bin/node',
1 verbose cli   '/Users/maelon/.nvm/versions/node/v6.2.1/bin/npm',
1 verbose cli   'run',
1 verbose cli   'test' ]
2 info using npm@3.9.3
3 info using node@v6.2.1
4 verbose run-script [ 'pretest', 'test', 'posttest' ]
5 info lifecycle jcircuit@1.0.0~pretest: jcircuit@1.0.0
6 silly lifecycle jcircuit@1.0.0~pretest: no script for pretest, continuing
7 info lifecycle jcircuit@1.0.0~test: jcircuit@1.0.0
8 verbose lifecycle jcircuit@1.0.0~test: unsafe-perm in lifecycle true
9 verbose lifecycle jcircuit@1.0.0~test: PATH: /Users/maelon/.nvm/versions/node/v6.2.1/lib/node_modules/npm/bin/node-gyp-bin:/Users/maelon/Code/github/jCircuit/node_modules/.bin:/Users/maelon/.nvm/versions/node/v6.2.1/bin:/Users/maelon/.nvm/versions/node/v6.2.1/bin:/usr/local/bin:/usr/bin:/bin:/usr/sbin:/sbin:/Users/maelon/Library/Android/sdk/emulator:/Users/maelon/Library/Android/sdk/tools:/Users/maelon/Library/Android/sdk/platform-tools
10 verbose lifecycle jcircuit@1.0.0~test: CWD: /Users/maelon/Code/github/jCircuit
11 silly lifecycle jcircuit@1.0.0~test: Args: [ '-c', 'mocha' ]
12 silly lifecycle jcircuit@1.0.0~test: Returned: code: 1  signal: null
13 info lifecycle jcircuit@1.0.0~test: Failed to exec test script
14 verbose stack Error: jcircuit@1.0.0 test: `mocha`
14 verbose stack Exit status 1
14 verbose stack     at EventEmitter.<anonymous> (/Users/maelon/.nvm/versions/node/v6.2.1/lib/node_modules/npm/lib/utils/lifecycle.js:245:16)
14 verbose stack     at emitTwo (events.js:106:13)
14 verbose stack     at EventEmitter.emit (events.js:191:7)
14 verbose stack     at ChildProcess.<anonymous> (/Users/maelon/.nvm/versions/node/v6.2.1/lib/node_modules/npm/lib/utils/spawn.js:24:14)
14 verbose stack     at emitTwo (events.js:106:13)
14 verbose stack     at ChildProcess.emit (events.js:191:7)
14 verbose stack     at maybeClose (internal/child_process.js:852:16)
14 verbose stack     at Process.ChildProcess._handle.onexit (internal/child_process.js:215:5)
15 verbose pkgid jcircuit@1.0.0
16 verbose cwd /Users/maelon/Code/github/jCircuit
17 error Darwin 16.4.0
18 error argv "/Users/maelon/.nvm/versions/node/v6.2.1/bin/node" "/Users/maelon/.nvm/versions/node/v6.2.1/bin/npm" "run" "test"
19 error node v6.2.1
20 error npm  v3.9.3
21 error code ELIFECYCLE
22 error jcircuit@1.0.0 test: `mocha`
22 error Exit status 1
23 error Failed at the jcircuit@1.0.0 test script 'mocha'.
23 error Make sure you have the latest version of node.js and npm installed.
23 error If you do, this is most likely a problem with the jcircuit package,
23 error not with npm itself.
23 error Tell the author that this fails on your system:
23 error     mocha
23 error You can get information on how to open an issue for this project with:
23 error     npm bugs jcircuit
23 error Or if that isn't available, you can get their info via:
23 error     npm owner ls jcircuit
23 error There is likely additional logging output above.
24 verbose exit [ 1, true ]
